app/build/outputs/logs/manifest-merger-debug-report.txt
-- Merging decision tree log ---
manifest
ADDED from src/main/AndroidManifest.xml:2:1-21:12
	package
		ADDED from src/main/AndroidManifest.xml:3:5-28
		INJECTED from src/main/AndroidManifest.xml
		INJECTED from src/main/AndroidManifest.xml
	android:versionName
		ADDED from src/main/AndroidManifest.xml:5:5-30
		INJECTED from src/main/AndroidManifest.xml
		INJECTED from src/main/AndroidManifest.xml
	android:versionCode
		ADDED from src/main/AndroidManifest.xml:4:5-28
		INJECTED from src/main/AndroidManifest.xml
		INJECTED from src/main/AndroidManifest.xml
	xmlns:android
		ADDED from src/main/AndroidManifest.xml:2:11-69
uses-sdk
ADDED from src/main/AndroidManifest.xml:7:5-44
MERGED from [GiantU3DSDK:giantsdklib:unspecified] AndroidManifest.xml:7:5-9:41
	android:targetSdkVersion
		INJECTED from src/main/AndroidManifest.xml
		INJECTED from src/main/AndroidManifest.xml
	android:minSdkVersion
		ADDED from src/main/AndroidManifest.xml:7:15-41
		INJECTED from src/main/AndroidManifest.xml
		INJECTED from src/main/AndroidManifest.xml
application
ADDED from src/main/AndroidManifest.xml:10:5-19:19
MERGED from [GiantU3DSDK:giantsdklib:unspecified] AndroidManifest.xml:15:5-19:19
	android:label
		ADDED from [GiantU3DSDK:giantsdklib:unspecified] AndroidManifest.xml:17:9-41
	android:supportsRtl
		ADDED from [GiantU3DSDK:giantsdklib:unspecified] AndroidManifest.xml:18:9-35
	android:icon
		ADDED from src/main/AndroidManifest.xml:10:18-54
	android:allowBackup
		ADDED from [GiantU3DSDK:giantsdklib:unspecified] AndroidManifest.xml:16:9-35
activity#com.giant.sdk.MainActivity
ADDED from src/main/AndroidManifest.xml:12:10-17:21
	android:name
		ADDED from src/main/AndroidManifest.xml:12:20-48
intent-filter#android.intent.action.MAIN+android.intent.category.LAUNCHER
ADDED from src/main/AndroidManifest.xml:13:10-16:26
action#android.intent.action.MAIN
ADDED from src/main/AndroidManifest.xml:14:10-62
	android:name
		ADDED from src/main/AndroidManifest.xml:14:18-59
category#android.intent.category.LAUNCHER
ADDED from src/main/AndroidManifest.xml:15:10-70
	android:name
		ADDED from src/main/AndroidManifest.xml:15:20-67
android:uses-permission#android.permission.WRITE_EXTERNAL_STORAGE
ADDED from [GiantU3DSDK:giantsdklib:unspecified] AndroidManifest.xml:11:5-89
	android:name
		ADDED from [GiantU3DSDK:giantsdklib:unspecified] AndroidManifest.xml:11:30-86
android:uses-permission#android.permission.READ_PHONE_STATE
ADDED from [GiantU3DSDK:giantsdklib:unspecified] AndroidManifest.xml:12:5-83
	android:name
		ADDED from [GiantU3DSDK:giantsdklib:unspecified] AndroidManifest.xml:12:30-80
android:uses-permission#android.permission.READ_EXTERNAL_STORAGE
ADDED from [GiantU3DSDK:giantsdklib:unspecified] AndroidManifest.xml:13:5-88
	android:name
		ADDED from [GiantU3DSDK:giantsdklib:unspecified] AndroidManifest.xml:13:30-85